<?xml version="1.0" encoding="UTF-8"?>
<!-- Generated by org.testng.reporters.JUnitReportReporter -->
<testsuite skipped="0" hostname="silverone1" name="test.LoginTest" tests="1" failures="0" timestamp="18 Feb 2020 16:48:50 GMT" time="13.247" errors="0">
  <testcase name="userShouldBeAbleToLogIn" time="13.247" classname="test.LoginTest"/>
</testsuite> <!-- test.LoginTest -->
