<?xml version="1.0" encoding="UTF-8"?>
<!-- Generated by org.testng.reporters.JUnitReportReporter -->
<testsuite skipped="0" hostname="silverone1" name="test.LoginTest" tests="1" failures="0" timestamp="2020-02-19T23:23:14 CST" time="15.914" errors="0">
  <testcase name="userShouldBeAbleToLogIn" time="15.914" classname="test.LoginTest"/>
</testsuite> <!-- test.LoginTest -->
