<?xml version="1.0" encoding="UTF-8"?>
<!-- Generated by org.testng.reporters.JUnitReportReporter -->
<testsuite skipped="0" hostname="silverone1" name="test.CreateDraftTest" tests="1" failures="0" timestamp="2020-02-19T22:47:11 CST" time="13.986" errors="0">
  <testcase name="userShouldBeAbleToCreateAQuickDraft" time="13.986" classname="test.CreateDraftTest"/>
</testsuite> <!-- test.CreateDraftTest -->
